INFO:     Will watch for changes in these directories: ['C:\\Github\\TeikoTechnical']
INFO:     Uvicorn running on http://127.0.0.1:8001 (Press CTRL+C to quit)
INFO:     Started reloader process [17820] using StatReload
INFO:     Started server process [38960]
INFO:     Waiting for application startup.
INFO:     Application startup complete.
INFO:     127.0.0.1:53297 - "GET /hierarchical_table_data?level=subject&aggregation_method=median HTTP/1.1" 200 OK
INFO:     127.0.0.1:54035 - "GET /hierarchical_table_data?level=sample&aggregation_method=mean HTTP/1.1" 200 OK
INFO:     127.0.0.1:51666 - "GET /filter_options HTTP/1.1" 200 OK
INFO:     127.0.0.1:65457 - "GET /hierarchical_table_data?level=sample&aggregation_method=mean HTTP/1.1" 200 OK
C:\Users\andrew.arthur\AppData\Roaming\Python\Python313\site-packages\statsmodels\regression\mixed_linear_model.py:2237: ConvergenceWarning: The MLE may be on the boundary of the parameter space.
  warnings.warn(msg, ConvergenceWarning)
C:\Users\andrew.arthur\AppData\Roaming\Python\Python313\site-packages\statsmodels\regression\mixed_linear_model.py:2237: ConvergenceWarning: The MLE may be on the boundary of the parameter space.
  warnings.warn(msg, ConvergenceWarning)
C:\Users\andrew.arthur\AppData\Roaming\Python\Python313\site-packages\statsmodels\regression\mixed_linear_model.py:2237: ConvergenceWarning: The MLE may be on the boundary of the parameter space.
  warnings.warn(msg, ConvergenceWarning)
C:\Users\andrew.arthur\AppData\Roaming\Python\Python313\site-packages\statsmodels\regression\mixed_linear_model.py:2237: ConvergenceWarning: The MLE may be on the boundary of the parameter space.
  warnings.warn(msg, ConvergenceWarning)
INFO:     127.0.0.1:65457 - "POST /statistical_tests?level=sample&comparison_column=response&display_mode=percentage&aggregation_method=mean HTTP/1.1" 200 OK
INFO:     127.0.0.1:65457 - "GET /filter_options HTTP/1.1" 200 OK
INFO:     127.0.0.1:57351 - "GET /hierarchical_table_data?level=sample&aggregation_method=mean HTTP/1.1" 200 OK
C:\Users\andrew.arthur\AppData\Roaming\Python\Python313\site-packages\statsmodels\regression\mixed_linear_model.py:2237: ConvergenceWarning: The MLE may be on the boundary of the parameter space.
  warnings.warn(msg, ConvergenceWarning)
C:\Users\andrew.arthur\AppData\Roaming\Python\Python313\site-packages\statsmodels\regression\mixed_linear_model.py:2237: ConvergenceWarning: The MLE may be on the boundary of the parameter space.
  warnings.warn(msg, ConvergenceWarning)
C:\Users\andrew.arthur\AppData\Roaming\Python\Python313\site-packages\statsmodels\regression\mixed_linear_model.py:2237: ConvergenceWarning: The MLE may be on the boundary of the parameter space.
  warnings.warn(msg, ConvergenceWarning)
C:\Users\andrew.arthur\AppData\Roaming\Python\Python313\site-packages\statsmodels\regression\mixed_linear_model.py:2237: ConvergenceWarning: The MLE may be on the boundary of the parameter space.
  warnings.warn(msg, ConvergenceWarning)
INFO:     127.0.0.1:57351 - "POST /statistical_tests?level=sample&comparison_column=response&display_mode=percentage&aggregation_method=mean HTTP/1.1" 200 OK
INFO:     127.0.0.1:58822 - "GET /hierarchical_table_data?level=subject&aggregation_method=mean HTTP/1.1" 200 OK
INFO:     127.0.0.1:58822 - "POST /statistical_tests?level=subject&comparison_column=response&display_mode=percentage&aggregation_method=mean HTTP/1.1" 200 OK
INFO:     127.0.0.1:58822 - "GET /hierarchical_table_data?level=project&aggregation_method=mean HTTP/1.1" 200 OK
INFO:     127.0.0.1:58822 - "POST /statistical_tests?level=project&comparison_column=response&display_mode=percentage&aggregation_method=mean HTTP/1.1" 200 OK
INFO:     127.0.0.1:61994 - "GET /hierarchical_table_data?level=subject&aggregation_method=mean HTTP/1.1" 200 OK
INFO:     127.0.0.1:58822 - "POST /statistical_tests?level=subject&comparison_column=response&display_mode=percentage&aggregation_method=mean HTTP/1.1" 200 OK
INFO:     127.0.0.1:58822 - "POST /statistical_tests?level=project&comparison_column=response&display_mode=percentage&aggregation_method=mean HTTP/1.1" 500 Internal Server Error
Traceback (most recent call last):
  File "C:\Github\TeikoTechnical\src\teiko_technical\api.py", line 79, in hierarchical_table_data
    data = get_hierarchical_table_data(
        con, level, aggregation_method, sex, condition, treatment, response, sample_type, time_from_treatment
    )
  File "C:\Github\TeikoTechnical\src\teiko_technical\queries.py", line 147, in get_hierarchical_table_data
    rows = con.execute(query, query_params).fetchall()
           ~~~~~~~~~~~^^^^^^^^^^^^^^^^^^^^^
sqlite3.ProgrammingError: SQLite objects created in a thread can only be used in that same thread. The object was created in thread id 44580 and this is thread id 41728.
ERROR:    Exception in ASGI application
Traceback (most recent call last):
  File "C:\Github\TeikoTechnical\src\teiko_technical\api.py", line 30, in get_con
    yield con
  File "C:\Users\andrew.arthur\AppData\Roaming\Python\Python313\site-packages\fastapi\concurrency.py", line 29, in contextmanager_in_threadpool
    yield await run_in_threadpool(cm.__enter__)
  File "C:\Users\andrew.arthur\AppData\Roaming\Python\Python313\site-packages\fastapi\routing.py", line 120, in app
    response = await f(request)
               ^^^^^^^^^^^^^^^^
  File "C:\Users\andrew.arthur\AppData\Roaming\Python\Python313\site-packages\fastapi\routing.py", line 674, in app
    raw_response = await run_endpoint_function(
                   ^^^^^^^^^^^^^^^^^^^^^^^^^^^^
    ...<3 lines>...
    )
    ^
  File "C:\Users\andrew.arthur\AppData\Roaming\Python\Python313\site-packages\fastapi\routing.py", line 330, in run_endpoint_function
    return await run_in_threadpool(dependant.call, **values)
           ^^^^^^^^^^^^^^^^^^^^^^^^^^^^^^^^^^^^^^^^^^^^^^^^^
  File "C:\Users\andrew.arthur\AppData\Roaming\Python\Python313\site-packages\starlette\concurrency.py", line 32, in run_in_threadpool
    return await anyio.to_thread.run_sync(func)
           ^^^^^^^^^^^^^^^^^^^^^^^^^^^^^^^^^^^^
  File "C:\Users\andrew.arthur\AppData\Roaming\Python\Python313\site-packages\anyio\to_thread.py", line 63, in run_sync
    return await get_async_backend().run_sync_in_worker_thread(
           ^^^^^^^^^^^^^^^^^^^^^^^^^^^^^^^^^^^^^^^^^^^^^^^^^^^^
        func, args, abandon_on_cancel=abandon_on_cancel, limiter=limiter
        ^^^^^^^^^^^^^^^^^^^^^^^^^^^^^^^^^^^^^^^^^^^^^^^^^^^^^^^^^^^^^^^^
    )
    ^
  File "C:\Users\andrew.arthur\AppData\Roaming\Python\Python313\site-packages\anyio\_backends\_asyncio.py", line 2518, in run_sync_in_worker_thread
    return await future
           ^^^^^^^^^^^^
  File "C:\Users\andrew.arthur\AppData\Roaming\Python\Python313\site-packages\anyio\_backends\_asyncio.py", line 1002, in run
    result = context.run(func, *args)
  File "C:\Github\TeikoTechnical\src\teiko_technical\api.py", line 130, in statistical_tests
    data = get_hierarchical_table_data(
        con, level, fetch_agg_method, sex, condition, treatment, response, sample_type, time_from_treatment
    )
  File "C:\Github\TeikoTechnical\src\teiko_technical\queries.py", line 147, in get_hierarchical_table_data
    rows = con.execute(query, query_params).fetchall()
           ~~~~~~~~~~~^^^^^^^^^^^^^^^^^^^^^
sqlite3.ProgrammingError: SQLite objects created in a thread can only be used in that same thread. The object was created in thread id 41728 and this is thread id 44580.

During handling of the above exception, another exception occurred:

Traceback (most recent call last):
  File "C:\Users\andrew.arthur\AppData\Roaming\Python\Python313\site-packages\uvicorn\protocols\http\h11_impl.py", line 415, in run_asgi
    result = await app(  # type: ignore[func-returns-value]
             ^^^^^^^^^^^^^^^^^^^^^^^^^^^^^^^^^^^^^^^^^^^^^^
        self.scope, self.receive, self.send
        ^^^^^^^^^^^^^^^^^^^^^^^^^^^^^^^^^^^
    )
    ^
  File "C:\Users\andrew.arthur\AppData\Roaming\Python\Python313\site-packages\uvicorn\middleware\proxy_headers.py", line 60, in __call__
    return await self.app(scope, receive, send)
           ^^^^^^^^^^^^^^^^^^^^^^^^^^^^^^^^^^^^
  File "C:\Users\andrew.arthur\AppData\Roaming\Python\Python313\site-packages\fastapi\applications.py", line 1159, in __call__
    await super().__call__(scope, receive, send)
  File "C:\Users\andrew.arthur\AppData\Roaming\Python\Python313\site-packages\starlette\applications.py", line 90, in __call__
    await self.middleware_stack(scope, receive, send)
  File "C:\Users\andrew.arthur\AppData\Roaming\Python\Python313\site-packages\starlette\middleware\errors.py", line 186, in __call__
    raise exc
  File "C:\Users\andrew.arthur\AppData\Roaming\Python\Python313\site-packages\starlette\middleware\errors.py", line 164, in __call__
    await self.app(scope, receive, _send)
  File "C:\Users\andrew.arthur\AppData\Roaming\Python\Python313\site-packages\starlette\middleware\cors.py", line 96, in __call__
    await self.simple_response(scope, receive, send, request_headers=headers)
  File "C:\Users\andrew.arthur\AppData\Roaming\Python\Python313\site-packages\starlette\middleware\cors.py", line 154, in simple_response
    await self.app(scope, receive, send)
  File "C:\Users\andrew.arthur\AppData\Roaming\Python\Python313\site-packages\starlette\middleware\exceptions.py", line 63, in __call__
    await wrap_app_handling_exceptions(self.app, conn)(scope, receive, send)
  File "C:\Users\andrew.arthur\AppData\Roaming\Python\Python313\site-packages\starlette\_exception_handler.py", line 53, in wrapped_app
    raise exc
  File "C:\Users\andrew.arthur\AppData\Roaming\Python\Python313\site-packages\starlette\_exception_handler.py", line 42, in wrapped_app
    await app(scope, receive, sender)
  File "C:\Users\andrew.arthur\AppData\Roaming\Python\Python313\site-packages\fastapi\middleware\asyncexitstack.py", line 18, in __call__
    await self.app(scope, receive, send)
  File "C:\Users\andrew.arthur\AppData\Roaming\Python\Python313\site-packages\starlette\routing.py", line 660, in __call__
    await self.middleware_stack(scope, receive, send)
  File "C:\Users\andrew.arthur\AppData\Roaming\Python\Python313\site-packages\starlette\routing.py", line 680, in app
    await route.handle(scope, receive, send)
  File "C:\Users\andrew.arthur\AppData\Roaming\Python\Python313\site-packages\starlette\routing.py", line 276, in handle
    await self.app(scope, receive, send)
  File "C:\Users\andrew.arthur\AppData\Roaming\Python\Python313\site-packages\fastapi\routing.py", line 134, in app
    await wrap_app_handling_exceptions(app, request)(scope, receive, send)
  File "C:\Users\andrew.arthur\AppData\Roaming\Python\Python313\site-packages\starlette\_exception_handler.py", line 53, in wrapped_app
    raise exc
  File "C:\Users\andrew.arthur\AppData\Roaming\Python\Python313\site-packages\starlette\_exception_handler.py", line 42, in wrapped_app
    await app(scope, receive, sender)
  File "C:\Users\andrew.arthur\AppData\Roaming\Python\Python313\site-packages\fastapi\routing.py", line 116, in app
    async with AsyncExitStack() as request_stack:
               ~~~~~~~~~~~~~~^^
  File "C:\Python313\Lib\contextlib.py", line 768, in __aexit__
    raise exc
  File "C:\Python313\Lib\contextlib.py", line 751, in __aexit__
    cb_suppress = await cb(*exc_details)
                  ^^^^^^^^^^^^^^^^^^^^^^
  File "C:\Python313\Lib\contextlib.py", line 235, in __aexit__
    await self.gen.athrow(value)
  File "C:\Users\andrew.arthur\AppData\Roaming\Python\Python313\site-packages\fastapi\concurrency.py", line 32, in contextmanager_in_threadpool
    await anyio.to_thread.run_sync(
        cm.__exit__, type(e), e, e.__traceback__, limiter=exit_limiter
    )
  File "C:\Users\andrew.arthur\AppData\Roaming\Python\Python313\site-packages\anyio\to_thread.py", line 63, in run_sync
    return await get_async_backend().run_sync_in_worker_thread(
           ^^^^^^^^^^^^^^^^^^^^^^^^^^^^^^^^^^^^^^^^^^^^^^^^^^^^
        func, args, abandon_on_cancel=abandon_on_cancel, limiter=limiter
        ^^^^^^^^^^^^^^^^^^^^^^^^^^^^^^^^^^^^^^^^^^^^^^^^^^^^^^^^^^^^^^^^
    )
    ^
  File "C:\Users\andrew.arthur\AppData\Roaming\Python\Python313\site-packages\anyio\_backends\_asyncio.py", line 2518, in run_sync_in_worker_thread
    return await future
           ^^^^^^^^^^^^
  File "C:\Users\andrew.arthur\AppData\Roaming\Python\Python313\site-packages\anyio\_backends\_asyncio.py", line 1002, in run
    result = context.run(func, *args)
  File "C:\Python313\Lib\contextlib.py", line 162, in __exit__
    self.gen.throw(value)
    ~~~~~~~~~~~~~~^^^^^^^
  File "C:\Github\TeikoTechnical\src\teiko_technical\api.py", line 32, in get_con
    con.close()
    ~~~~~~~~~^^
sqlite3.ProgrammingError: SQLite objects created in a thread can only be used in that same thread. The object was created in thread id 41728 and this is thread id 44580.
INFO:     127.0.0.1:61994 - "GET /hierarchical_table_data?level=project&aggregation_method=mean HTTP/1.1" 500 Internal Server Error
ERROR:    Exception in ASGI application
Traceback (most recent call last):
  File "C:\Github\TeikoTechnical\src\teiko_technical\api.py", line 79, in hierarchical_table_data
    data = get_hierarchical_table_data(
        con, level, aggregation_method, sex, condition, treatment, response, sample_type, time_from_treatment
    )
  File "C:\Github\TeikoTechnical\src\teiko_technical\queries.py", line 147, in get_hierarchical_table_data
    rows = con.execute(query, query_params).fetchall()
           ~~~~~~~~~~~^^^^^^^^^^^^^^^^^^^^^
sqlite3.ProgrammingError: SQLite objects created in a thread can only be used in that same thread. The object was created in thread id 44580 and this is thread id 41728.

During handling of the above exception, another exception occurred:

Traceback (most recent call last):
  File "C:\Github\TeikoTechnical\src\teiko_technical\api.py", line 30, in get_con
    yield con
  File "C:\Users\andrew.arthur\AppData\Roaming\Python\Python313\site-packages\fastapi\concurrency.py", line 29, in contextmanager_in_threadpool
    yield await run_in_threadpool(cm.__enter__)
  File "C:\Users\andrew.arthur\AppData\Roaming\Python\Python313\site-packages\fastapi\routing.py", line 120, in app
    response = await f(request)
               ^^^^^^^^^^^^^^^^
  File "C:\Users\andrew.arthur\AppData\Roaming\Python\Python313\site-packages\fastapi\routing.py", line 674, in app
    raw_response = await run_endpoint_function(
                   ^^^^^^^^^^^^^^^^^^^^^^^^^^^^
    ...<3 lines>...
    )
    ^
  File "C:\Users\andrew.arthur\AppData\Roaming\Python\Python313\site-packages\fastapi\routing.py", line 330, in run_endpoint_function
    return await run_in_threadpool(dependant.call, **values)
           ^^^^^^^^^^^^^^^^^^^^^^^^^^^^^^^^^^^^^^^^^^^^^^^^^
  File "C:\Users\andrew.arthur\AppData\Roaming\Python\Python313\site-packages\starlette\concurrency.py", line 32, in run_in_threadpool
    return await anyio.to_thread.run_sync(func)
           ^^^^^^^^^^^^^^^^^^^^^^^^^^^^^^^^^^^^
  File "C:\Users\andrew.arthur\AppData\Roaming\Python\Python313\site-packages\anyio\to_thread.py", line 63, in run_sync
    return await get_async_backend().run_sync_in_worker_thread(
           ^^^^^^^^^^^^^^^^^^^^^^^^^^^^^^^^^^^^^^^^^^^^^^^^^^^^
        func, args, abandon_on_cancel=abandon_on_cancel, limiter=limiter
        ^^^^^^^^^^^^^^^^^^^^^^^^^^^^^^^^^^^^^^^^^^^^^^^^^^^^^^^^^^^^^^^^
    )
    ^
  File "C:\Users\andrew.arthur\AppData\Roaming\Python\Python313\site-packages\anyio\_backends\_asyncio.py", line 2518, in run_sync_in_worker_thread
    return await future
           ^^^^^^^^^^^^
  File "C:\Users\andrew.arthur\AppData\Roaming\Python\Python313\site-packages\anyio\_backends\_asyncio.py", line 1002, in run
    result = context.run(func, *args)
  File "C:\Github\TeikoTechnical\src\teiko_technical\api.py", line 89, in hierarchical_table_data
    raise HTTPException(status_code=500, detail=str(e))
fastapi.exceptions.HTTPException: 500: SQLite objects created in a thread can only be used in that same thread. The object was created in thread id 44580 and this is thread id 41728.

During handling of the above exception, another exception occurred:

Traceback (most recent call last):
  File "C:\Users\andrew.arthur\AppData\Roaming\Python\Python313\site-packages\uvicorn\protocols\http\h11_impl.py", line 415, in run_asgi
    result = await app(  # type: ignore[func-returns-value]
             ^^^^^^^^^^^^^^^^^^^^^^^^^^^^^^^^^^^^^^^^^^^^^^
        self.scope, self.receive, self.send
        ^^^^^^^^^^^^^^^^^^^^^^^^^^^^^^^^^^^
    )
    ^
  File "C:\Users\andrew.arthur\AppData\Roaming\Python\Python313\site-packages\uvicorn\middleware\proxy_headers.py", line 60, in __call__
    return await self.app(scope, receive, send)
           ^^^^^^^^^^^^^^^^^^^^^^^^^^^^^^^^^^^^
  File "C:\Users\andrew.arthur\AppData\Roaming\Python\Python313\site-packages\fastapi\applications.py", line 1159, in __call__
    await super().__call__(scope, receive, send)
  File "C:\Users\andrew.arthur\AppData\Roaming\Python\Python313\site-packages\starlette\applications.py", line 90, in __call__
    await self.middleware_stack(scope, receive, send)
  File "C:\Users\andrew.arthur\AppData\Roaming\Python\Python313\site-packages\starlette\middleware\errors.py", line 186, in __call__
    raise exc
  File "C:\Users\andrew.arthur\AppData\Roaming\Python\Python313\site-packages\starlette\middleware\errors.py", line 164, in __call__
    await self.app(scope, receive, _send)
  File "C:\Users\andrew.arthur\AppData\Roaming\Python\Python313\site-packages\starlette\middleware\cors.py", line 96, in __call__
    await self.simple_response(scope, receive, send, request_headers=headers)
  File "C:\Users\andrew.arthur\AppData\Roaming\Python\Python313\site-packages\starlette\middleware\cors.py", line 154, in simple_response
    await self.app(scope, receive, send)
  File "C:\Users\andrew.arthur\AppData\Roaming\Python\Python313\site-packages\starlette\middleware\exceptions.py", line 63, in __call__
    await wrap_app_handling_exceptions(self.app, conn)(scope, receive, send)
  File "C:\Users\andrew.arthur\AppData\Roaming\Python\Python313\site-packages\starlette\_exception_handler.py", line 53, in wrapped_app
    raise exc
  File "C:\Users\andrew.arthur\AppData\Roaming\Python\Python313\site-packages\starlette\_exception_handler.py", line 42, in wrapped_app
    await app(scope, receive, sender)
  File "C:\Users\andrew.arthur\AppData\Roaming\Python\Python313\site-packages\fastapi\middleware\asyncexitstack.py", line 18, in __call__
    await self.app(scope, receive, send)
  File "C:\Users\andrew.arthur\AppData\Roaming\Python\Python313\site-packages\starlette\routing.py", line 660, in __call__
    await self.middleware_stack(scope, receive, send)
  File "C:\Users\andrew.arthur\AppData\Roaming\Python\Python313\site-packages\starlette\routing.py", line 680, in app
    await route.handle(scope, receive, send)
  File "C:\Users\andrew.arthur\AppData\Roaming\Python\Python313\site-packages\starlette\routing.py", line 276, in handle
    await self.app(scope, receive, send)
  File "C:\Users\andrew.arthur\AppData\Roaming\Python\Python313\site-packages\fastapi\routing.py", line 134, in app
    await wrap_app_handling_exceptions(app, request)(scope, receive, send)
  File "C:\Users\andrew.arthur\AppData\Roaming\Python\Python313\site-packages\starlette\_exception_handler.py", line 53, in wrapped_app
    raise exc
  File "C:\Users\andrew.arthur\AppData\Roaming\Python\Python313\site-packages\starlette\_exception_handler.py", line 42, in wrapped_app
    await app(scope, receive, sender)
  File "C:\Users\andrew.arthur\AppData\Roaming\Python\Python313\site-packages\fastapi\routing.py", line 116, in app
    async with AsyncExitStack() as request_stack:
               ~~~~~~~~~~~~~~^^
  File "C:\Python313\Lib\contextlib.py", line 768, in __aexit__
    raise exc
  File "C:\Python313\Lib\contextlib.py", line 751, in __aexit__
    cb_suppress = await cb(*exc_details)
                  ^^^^^^^^^^^^^^^^^^^^^^
  File "C:\Python313\Lib\contextlib.py", line 235, in __aexit__
    await self.gen.athrow(value)
  File "C:\Users\andrew.arthur\AppData\Roaming\Python\Python313\site-packages\fastapi\concurrency.py", line 32, in contextmanager_in_threadpool
    await anyio.to_thread.run_sync(
        cm.__exit__, type(e), e, e.__traceback__, limiter=exit_limiter
    )
  File "C:\Users\andrew.arthur\AppData\Roaming\Python\Python313\site-packages\anyio\to_thread.py", line 63, in run_sync
    return await get_async_backend().run_sync_in_worker_thread(
           ^^^^^^^^^^^^^^^^^^^^^^^^^^^^^^^^^^^^^^^^^^^^^^^^^^^^
        func, args, abandon_on_cancel=abandon_on_cancel, limiter=limiter
        ^^^^^^^^^^^^^^^^^^^^^^^^^^^^^^^^^^^^^^^^^^^^^^^^^^^^^^^^^^^^^^^^
    )
    ^
  File "C:\Users\andrew.arthur\AppData\Roaming\Python\Python313\site-packages\anyio\_backends\_asyncio.py", line 2518, in run_sync_in_worker_thread
    return await future
           ^^^^^^^^^^^^
  File "C:\Users\andrew.arthur\AppData\Roaming\Python\Python313\site-packages\anyio\_backends\_asyncio.py", line 1002, in run
    result = context.run(func, *args)
  File "C:\Python313\Lib\contextlib.py", line 162, in __exit__
    self.gen.throw(value)
    ~~~~~~~~~~~~~~^^^^^^^
  File "C:\Github\TeikoTechnical\src\teiko_technical\api.py", line 32, in get_con
    con.close()
    ~~~~~~~~~^^
sqlite3.ProgrammingError: SQLite objects created in a thread can only be used in that same thread. The object was created in thread id 44580 and this is thread id 41728.
INFO:     127.0.0.1:65043 - "GET /hierarchical_table_data?level=project&aggregation_method=mean HTTP/1.1" 200 OK
INFO:     127.0.0.1:57749 - "POST /statistical_tests?level=project&comparison_column=response&display_mode=percentage&aggregation_method=mean HTTP/1.1" 200 OK
INFO:     127.0.0.1:52882 - "GET /filter_options HTTP/1.1" 200 OK
INFO:     127.0.0.1:64941 - "GET /hierarchical_table_data?level=project&aggregation_method=mean HTTP/1.1" 200 OK
INFO:     127.0.0.1:64941 - "POST /statistical_tests?level=project&comparison_column=response&display_mode=percentage&aggregation_method=mean HTTP/1.1" 200 OK
INFO:     127.0.0.1:64479 - "GET /hierarchical_table_data?level=subject&aggregation_method=mean HTTP/1.1" 200 OK
INFO:     127.0.0.1:64479 - "POST /statistical_tests?level=subject&comparison_column=response&display_mode=percentage&aggregation_method=mean HTTP/1.1" 200 OK
INFO:     127.0.0.1:62807 - "OPTIONS /hierarchical_table_data HTTP/1.1" 200 OK
INFO:     127.0.0.1:61062 - "GET /hierarchical_table_data?level=project&aggregation_method=mean HTTP/1.1" 200 OK
INFO:     127.0.0.1:53176 - "GET /filter_options HTTP/1.1" 200 OK
INFO:     127.0.0.1:53906 - "GET /hierarchical_table_data?level=sample&aggregation_method=mean&condition=melanoma&treatment=miraclib&sample_type=PBMC&time_from_treatment=0 HTTP/1.1" 200 OK
INFO:     127.0.0.1:51776 - "GET /hierarchical_table_data?level=project&aggregation_method=mean&condition=melanoma&treatment=miraclib&sample_type=PBMC&time_from_treatment=0 HTTP/1.1" 200 OK
INFO:     127.0.0.1:50148 - "GET /hierarchical_table_data?level=subject&aggregation_method=mean&condition=melanoma&treatment=miraclib&sample_type=PBMC&time_from_treatment=0 HTTP/1.1" 200 OK
INFO:     127.0.0.1:55108 - "POST /statistical_tests?level=subject&comparison_column=response&display_mode=percentage&aggregation_method=mean&condition=melanoma&treatment=miraclib&sample_type=PBMC&time_from_treatment=0 HTTP/1.1" 200 OK
INFO:     127.0.0.1:63169 - "POST /statistical_tests?level=subject&comparison_column=sex&display_mode=percentage&aggregation_method=mean&condition=melanoma&treatment=miraclib&sample_type=PBMC&time_from_treatment=0 HTTP/1.1" 200 OK
